2017-07-30 04:27:17,675 [Worker-54] INFO  o.e.m.c.i.l.LifecycleMappingFactory - Using org.maven.ide.eclipse.wtp.WarLifecycleMapping lifecycle mapping for MavenProject: CharacterBuilder:com.characterBuilder:0.0.1-SNAPSHOT @ C:\Users\jozse\workspace\CharacterBuilder\com.characterBuilder\pom.xml.
2017-07-30 04:27:20,355 [Worker-54] INFO  o.e.m.j.i.AbstractJavaProjectConfigurator - Adding source folder /com.characterBuilder/src/main/java
2017-07-30 04:27:20,359 [Worker-54] INFO  o.e.m.j.i.AbstractJavaProjectConfigurator - Adding resource folder /com.characterBuilder/src/main/resources
2017-07-30 04:27:20,360 [Worker-54] INFO  o.e.m.j.i.AbstractJavaProjectConfigurator - Adding source folder /com.characterBuilder/src/test/java
2017-07-30 04:27:20,361 [Worker-54] INFO  o.e.m.j.i.AbstractJavaProjectConfigurator - Adding resource folder /com.characterBuilder/src/test/resources
2017-07-30 04:27:24,278 [Worker-55] WARN  o.e.m.c.i.embedder.EclipseLogger - Using platform encoding (Cp1252 actually) to copy filtered resources, i.e. build is platform dependent!
2017-07-30 04:27:24,317 [Worker-55] INFO  o.e.m.c.i.embedder.EclipseLogger - Copying 0 resource
2017-07-30 04:27:24,327 [Worker-55] WARN  o.e.m.c.i.embedder.EclipseLogger - Using platform encoding (Cp1252 actually) to copy filtered resources, i.e. build is platform dependent!
2017-07-30 04:27:24,345 [Worker-55] INFO  o.e.m.c.i.embedder.EclipseLogger - Copying 0 resource
2017-07-30 04:27:24,738 [Worker-52] WARN  o.e.m.c.i.embedder.EclipseLogger - Using platform encoding (Cp1252 actually) to copy filtered resources, i.e. build is platform dependent!
2017-07-30 04:27:24,758 [Worker-52] INFO  o.e.m.c.i.embedder.EclipseLogger - Copying 0 resource
2017-07-30 04:27:24,762 [Worker-52] WARN  o.e.m.c.i.embedder.EclipseLogger - Using platform encoding (Cp1252 actually) to copy filtered resources, i.e. build is platform dependent!
2017-07-30 04:27:24,778 [Worker-52] INFO  o.e.m.c.i.embedder.EclipseLogger - Copying 0 resource
2017-07-30 04:28:42,529 [Worker-57] INFO  o.e.m.c.i.l.LifecycleMappingFactory - Using org.maven.ide.eclipse.wtp.WarLifecycleMapping lifecycle mapping for MavenProject: com.revature:BudgetBunny:0.0.1-SNAPSHOT @ C:\Users\jozse\workspace\BudgetBunny\BudgetBunny\pom.xml.
2017-07-30 04:28:46,923 [Worker-57] INFO  o.e.m.j.i.AbstractJavaProjectConfigurator - Adding source folder /BudgetBunny/src/main/java
2017-07-30 04:28:46,924 [Worker-57] INFO  o.e.m.j.i.AbstractJavaProjectConfigurator - Adding resource folder /BudgetBunny/src/main/resources
2017-07-30 04:28:46,934 [Worker-57] INFO  o.e.m.j.i.AbstractJavaProjectConfigurator - Adding source folder /BudgetBunny/src/test/java
2017-07-30 04:28:48,245 [Worker-57] INFO  o.e.m.c.i.p.ProjectConfigurationManager - Imported and configured 1 project(s) in 7 sec
2017-07-30 04:28:53,395 [Worker-56] INFO  o.e.m.c.i.embedder.EclipseLogger - Using 'UTF-8' encoding to copy filtered resources.
2017-07-30 04:28:53,397 [Worker-56] INFO  o.e.m.c.i.embedder.EclipseLogger - Copying 2 resources
2017-07-30 04:28:53,539 [Worker-56] INFO  o.e.m.c.i.embedder.EclipseLogger - Using 'UTF-8' encoding to copy filtered resources.
2017-07-30 04:28:53,548 [Worker-56] INFO  o.e.m.c.i.embedder.EclipseLogger - skip non existing resourceDirectory C:\Users\jozse\workspace\BudgetBunny\BudgetBunny\src\test\resources
2017-07-30 04:29:30,023 [Worker-57] INFO  o.e.m.c.i.l.LifecycleMappingFactory - Using org.maven.ide.eclipse.wtp.WarLifecycleMapping lifecycle mapping for MavenProject: CharacterBuilder:com.characterBuilder:0.0.1-SNAPSHOT @ C:\Users\jozse\workspace\CharacterBuilder\com.characterBuilder\pom.xml.
2017-07-30 04:29:30,506 [Worker-57] INFO  o.e.m.c.i.embedder.EclipseLogger - Using 'UTF-8' encoding to copy filtered resources.
2017-07-30 04:29:30,515 [Worker-57] INFO  o.e.m.c.i.embedder.EclipseLogger - Copying 0 resource
2017-07-30 04:29:30,526 [Worker-57] INFO  o.e.m.c.i.embedder.EclipseLogger - Using 'UTF-8' encoding to copy filtered resources.
2017-07-30 04:29:30,535 [Worker-57] INFO  o.e.m.c.i.embedder.EclipseLogger - Copying 0 resource
2017-07-30 04:29:30,536 [Worker-57] INFO  o.e.m.w.i.f.ResourceFilteringBuildParticipant - Changed resources require a complete clean of filtered resources of com.characterBuilder
2017-07-30 04:29:30,547 [Worker-57] INFO  o.e.m.w.i.f.ResourceFilteringBuildParticipant - Executing resource filtering for com.characterBuilder
2017-07-30 04:29:30,571 [Worker-57] INFO  o.e.m.c.i.embedder.EclipseLogger - Using 'UTF-8' encoding to copy filtered resources.
2017-07-30 04:29:47,935 [Worker-62] INFO  o.e.m.c.i.p.ProjectConfigurationManager - Update started
2017-07-30 04:29:48,114 [Worker-62] INFO  o.e.m.c.i.l.LifecycleMappingFactory - Using org.maven.ide.eclipse.wtp.WarLifecycleMapping lifecycle mapping for MavenProject: CharacterBuilder:com.characterBuilder:0.0.1-SNAPSHOT @ C:\Users\jozse\workspace\CharacterBuilder\com.characterBuilder\pom.xml.
2017-07-30 04:29:48,587 [Worker-62] INFO  o.e.m.j.i.AbstractJavaProjectConfigurator - Adding source folder /com.characterBuilder/src/main/java
2017-07-30 04:29:48,588 [Worker-62] INFO  o.e.m.j.i.AbstractJavaProjectConfigurator - Adding resource folder /com.characterBuilder/src/main/resources
2017-07-30 04:29:48,636 [Worker-62] INFO  o.e.m.j.i.AbstractJavaProjectConfigurator - Adding source folder /com.characterBuilder/src/test/java
2017-07-30 04:29:48,636 [Worker-62] INFO  o.e.m.j.i.AbstractJavaProjectConfigurator - Adding resource folder /com.characterBuilder/src/test/resources
2017-07-30 04:29:49,121 [Worker-62] INFO  o.e.m.w.i.f.ResourceFilteringBuildParticipant - Cleaning filtered folder for com.characterBuilder
2017-07-30 04:29:49,138 [Worker-62] INFO  o.e.m.c.i.p.ProjectConfigurationManager - Update completed: 1 sec
2017-07-30 04:29:49,221 [Worker-60] INFO  o.e.m.c.i.embedder.EclipseLogger - Using 'UTF-8' encoding to copy filtered resources.
2017-07-30 04:29:49,222 [Worker-60] INFO  o.e.m.c.i.embedder.EclipseLogger - Copying 0 resource
2017-07-30 04:29:49,235 [Worker-60] INFO  o.e.m.c.i.embedder.EclipseLogger - Using 'UTF-8' encoding to copy filtered resources.
2017-07-30 04:29:49,236 [Worker-60] INFO  o.e.m.c.i.embedder.EclipseLogger - Copying 0 resource
2017-07-30 04:29:49,237 [Worker-60] INFO  o.e.m.w.i.f.ResourceFilteringBuildParticipant - Changed resources require a complete clean of filtered resources of com.characterBuilder
2017-07-30 04:29:49,237 [Worker-60] INFO  o.e.m.w.i.f.ResourceFilteringBuildParticipant - Executing resource filtering for com.characterBuilder
2017-07-30 04:29:49,277 [Worker-60] INFO  o.e.m.c.i.embedder.EclipseLogger - Using 'UTF-8' encoding to copy filtered resources.
2017-07-30 04:30:26,694 [Worker-57] INFO  o.e.m.c.i.embedder.EclipseLogger - Using 'UTF-8' encoding to copy filtered resources.
2017-07-30 04:30:26,695 [Worker-57] INFO  o.e.m.c.i.embedder.EclipseLogger - Copying 0 resource
2017-07-30 04:30:26,697 [Worker-57] INFO  o.e.m.c.i.embedder.EclipseLogger - Using 'UTF-8' encoding to copy filtered resources.
2017-07-30 04:30:26,707 [Worker-57] INFO  o.e.m.c.i.embedder.EclipseLogger - Copying 0 resource
2017-07-30 04:31:22,674 [Worker-47] INFO  o.e.m.c.i.embedder.EclipseLogger - Using 'UTF-8' encoding to copy filtered resources.
2017-07-30 04:31:22,688 [Worker-47] INFO  o.e.m.c.i.embedder.EclipseLogger - Copying 0 resource
2017-07-30 04:31:22,704 [Worker-47] INFO  o.e.m.c.i.embedder.EclipseLogger - Using 'UTF-8' encoding to copy filtered resources.
2017-07-30 04:31:22,723 [Worker-47] INFO  o.e.m.c.i.embedder.EclipseLogger - Copying 0 resource
2017-07-30 04:33:05,257 [Worker-56] INFO  o.e.m.c.i.l.LifecycleMappingFactory - Using org.maven.ide.eclipse.wtp.WarLifecycleMapping lifecycle mapping for MavenProject: CharacterBuilder:com.characterBuilder:0.0.1-SNAPSHOT @ C:\Users\jozse\workspace\CharacterBuilder\com.characterBuilder\pom.xml.
2017-07-30 04:33:05,616 [Worker-56] INFO  o.e.m.c.i.embedder.EclipseLogger - Using 'UTF-8' encoding to copy filtered resources.
2017-07-30 04:33:05,617 [Worker-56] INFO  o.e.m.c.i.embedder.EclipseLogger - Copying 0 resource
2017-07-30 04:33:05,635 [Worker-56] INFO  o.e.m.c.i.embedder.EclipseLogger - Using 'UTF-8' encoding to copy filtered resources.
2017-07-30 04:33:05,646 [Worker-56] INFO  o.e.m.c.i.embedder.EclipseLogger - Copying 0 resource
2017-07-30 04:33:05,658 [Worker-56] INFO  o.e.m.w.i.f.ResourceFilteringBuildParticipant - Changed resources require a complete clean of filtered resources of com.characterBuilder
2017-07-30 04:33:05,658 [Worker-56] INFO  o.e.m.w.i.f.ResourceFilteringBuildParticipant - Executing resource filtering for com.characterBuilder
2017-07-30 04:33:05,688 [Worker-56] INFO  o.e.m.c.i.embedder.EclipseLogger - Using 'UTF-8' encoding to copy filtered resources.
2017-07-30 04:33:06,960 [Worker-61] INFO  o.e.m.c.i.embedder.EclipseLogger - Using 'UTF-8' encoding to copy filtered resources.
2017-07-30 04:33:06,961 [Worker-61] INFO  o.e.m.c.i.embedder.EclipseLogger - Copying 0 resource
2017-07-30 04:33:06,964 [Worker-61] INFO  o.e.m.c.i.embedder.EclipseLogger - Using 'UTF-8' encoding to copy filtered resources.
2017-07-30 04:33:06,984 [Worker-61] INFO  o.e.m.c.i.embedder.EclipseLogger - Copying 0 resource
2017-07-30 04:33:15,989 [Worker-62] INFO  o.e.m.c.i.p.ProjectConfigurationManager - Update started
2017-07-30 04:33:16,224 [Worker-62] INFO  o.e.m.c.i.l.LifecycleMappingFactory - Using org.maven.ide.eclipse.wtp.WarLifecycleMapping lifecycle mapping for MavenProject: CharacterBuilder:com.characterBuilder:0.0.1-SNAPSHOT @ C:\Users\jozse\workspace\CharacterBuilder\com.characterBuilder\pom.xml.
2017-07-30 04:33:16,435 [Worker-62] INFO  o.e.m.j.i.AbstractJavaProjectConfigurator - Adding source folder /com.characterBuilder/src/main/java
2017-07-30 04:33:16,446 [Worker-62] INFO  o.e.m.j.i.AbstractJavaProjectConfigurator - Adding resource folder /com.characterBuilder/src/main/resources
2017-07-30 04:33:16,460 [Worker-62] INFO  o.e.m.j.i.AbstractJavaProjectConfigurator - Adding source folder /com.characterBuilder/src/test/java
2017-07-30 04:33:16,474 [Worker-62] INFO  o.e.m.j.i.AbstractJavaProjectConfigurator - Adding resource folder /com.characterBuilder/src/test/resources
2017-07-30 04:33:16,904 [Worker-62] INFO  o.e.m.w.i.f.ResourceFilteringBuildParticipant - Cleaning filtered folder for com.characterBuilder
2017-07-30 04:33:16,931 [Worker-62] INFO  o.e.m.c.i.p.ProjectConfigurationManager - Update completed: 0 sec
2017-07-30 04:33:17,144 [Worker-60] INFO  o.e.m.c.i.embedder.EclipseLogger - Using 'UTF-8' encoding to copy filtered resources.
2017-07-30 04:33:17,146 [Worker-60] INFO  o.e.m.c.i.embedder.EclipseLogger - Copying 0 resource
2017-07-30 04:33:17,148 [Worker-60] INFO  o.e.m.c.i.embedder.EclipseLogger - Using 'UTF-8' encoding to copy filtered resources.
2017-07-30 04:33:17,171 [Worker-60] INFO  o.e.m.c.i.embedder.EclipseLogger - Copying 0 resource
2017-07-30 04:33:17,171 [Worker-60] INFO  o.e.m.w.i.f.ResourceFilteringBuildParticipant - Changed resources require a complete clean of filtered resources of com.characterBuilder
2017-07-30 04:33:17,172 [Worker-60] INFO  o.e.m.w.i.f.ResourceFilteringBuildParticipant - Executing resource filtering for com.characterBuilder
2017-07-30 04:33:17,181 [Worker-60] INFO  o.e.m.c.i.embedder.EclipseLogger - Using 'UTF-8' encoding to copy filtered resources.
2017-07-30 04:37:59,545 [Worker-57] INFO  o.e.m.c.i.embedder.EclipseLogger - Using 'UTF-8' encoding to copy filtered resources.
2017-07-30 04:37:59,546 [Worker-57] INFO  o.e.m.c.i.embedder.EclipseLogger - Copying 0 resource
2017-07-30 04:37:59,548 [Worker-57] INFO  o.e.m.c.i.embedder.EclipseLogger - Using 'UTF-8' encoding to copy filtered resources.
2017-07-30 04:37:59,550 [Worker-57] INFO  o.e.m.c.i.embedder.EclipseLogger - Copying 0 resource
2017-07-30 04:40:47,518 [Worker-57] INFO  o.e.m.c.i.p.ProjectConfigurationManager - Update started
2017-07-30 04:40:47,797 [Worker-57] INFO  o.e.m.c.i.l.LifecycleMappingFactory - Using org.maven.ide.eclipse.wtp.WarLifecycleMapping lifecycle mapping for MavenProject: CharacterBuilder:com.characterBuilder:0.0.1-SNAPSHOT @ C:\Users\jozse\workspace\CharacterBuilder\com.characterBuilder\pom.xml.
2017-07-30 04:40:48,093 [Worker-57] INFO  o.e.m.j.i.AbstractJavaProjectConfigurator - Adding source folder /com.characterBuilder/src/main/java
2017-07-30 04:40:48,094 [Worker-57] INFO  o.e.m.j.i.AbstractJavaProjectConfigurator - Adding resource folder /com.characterBuilder/src/main/resources
2017-07-30 04:40:48,108 [Worker-57] INFO  o.e.m.j.i.AbstractJavaProjectConfigurator - Adding source folder /com.characterBuilder/src/test/java
2017-07-30 04:40:48,109 [Worker-57] INFO  o.e.m.j.i.AbstractJavaProjectConfigurator - Adding resource folder /com.characterBuilder/src/test/resources
2017-07-30 04:40:48,470 [Worker-57] INFO  o.e.m.w.i.f.ResourceFilteringBuildParticipant - Cleaning filtered folder for com.characterBuilder
2017-07-30 04:40:48,483 [Worker-57] INFO  o.e.m.c.i.p.ProjectConfigurationManager - Update completed: 0 sec
2017-07-30 04:40:48,705 [Worker-56] INFO  o.e.m.c.i.embedder.EclipseLogger - Using 'UTF-8' encoding to copy filtered resources.
2017-07-30 04:40:48,706 [Worker-56] INFO  o.e.m.c.i.embedder.EclipseLogger - Copying 0 resource
2017-07-30 04:40:48,708 [Worker-56] INFO  o.e.m.c.i.embedder.EclipseLogger - Using 'UTF-8' encoding to copy filtered resources.
2017-07-30 04:40:48,708 [Worker-56] INFO  o.e.m.c.i.embedder.EclipseLogger - Copying 0 resource
2017-07-30 04:40:48,723 [Worker-56] INFO  o.e.m.w.i.f.ResourceFilteringBuildParticipant - Changed resources require a complete clean of filtered resources of com.characterBuilder
2017-07-30 04:40:48,724 [Worker-56] INFO  o.e.m.w.i.f.ResourceFilteringBuildParticipant - Executing resource filtering for com.characterBuilder
2017-07-30 04:40:48,734 [Worker-56] INFO  o.e.m.c.i.embedder.EclipseLogger - Using 'UTF-8' encoding to copy filtered resources.
2017-07-30 04:41:20,444 [Worker-56] INFO  o.e.m.c.i.embedder.EclipseLogger - Using 'UTF-8' encoding to copy filtered resources.
2017-07-30 04:41:20,457 [Worker-56] INFO  o.e.m.c.i.embedder.EclipseLogger - Copying 0 resource
2017-07-30 04:41:20,473 [Worker-56] INFO  o.e.m.c.i.embedder.EclipseLogger - Using 'UTF-8' encoding to copy filtered resources.
2017-07-30 04:41:20,484 [Worker-56] INFO  o.e.m.c.i.embedder.EclipseLogger - Copying 0 resource
2017-07-30 04:45:58,084 [Worker-70] INFO  o.e.m.c.i.embedder.EclipseLogger - Using 'UTF-8' encoding to copy filtered resources.
2017-07-30 04:45:58,099 [Worker-70] INFO  o.e.m.c.i.embedder.EclipseLogger - Copying 0 resource
2017-07-30 04:45:58,114 [Worker-70] INFO  o.e.m.c.i.embedder.EclipseLogger - Using 'UTF-8' encoding to copy filtered resources.
2017-07-30 04:45:58,127 [Worker-70] INFO  o.e.m.c.i.embedder.EclipseLogger - Copying 0 resource
2017-07-30 04:46:07,795 [Worker-74] INFO  o.e.m.c.i.embedder.EclipseLogger - Using 'UTF-8' encoding to copy filtered resources.
2017-07-30 04:46:07,805 [Worker-74] INFO  o.e.m.c.i.embedder.EclipseLogger - Copying 0 resource
2017-07-30 04:46:07,816 [Worker-74] INFO  o.e.m.c.i.embedder.EclipseLogger - Using 'UTF-8' encoding to copy filtered resources.
2017-07-30 04:46:07,827 [Worker-74] INFO  o.e.m.c.i.embedder.EclipseLogger - Copying 0 resource
2017-07-30 04:46:50,671 [Worker-70] INFO  o.e.m.c.i.embedder.EclipseLogger - Using 'UTF-8' encoding to copy filtered resources.
2017-07-30 04:46:50,681 [Worker-70] INFO  o.e.m.c.i.embedder.EclipseLogger - Copying 0 resource
2017-07-30 04:46:50,695 [Worker-70] INFO  o.e.m.c.i.embedder.EclipseLogger - Using 'UTF-8' encoding to copy filtered resources.
2017-07-30 04:46:50,705 [Worker-70] INFO  o.e.m.c.i.embedder.EclipseLogger - Copying 0 resource
